<?xml version="1.0" encoding="UTF-8"?>
<!-- Generated by org.testng.reporters.JUnitXMLReporter -->
<testsuite ignored="0" hostname="LAPTOP-0TIJM6AS" failures="1" tests="1" name="Test" time="0.134" errors="0" timestamp="11 Oct 2023 09:54:20 GMT">
  <testcase classname="JayaFrameworkDesign.Test.POMTestMethods" name="loginPage" time="0.094">
    <failure type="java.lang.IllegalArgumentException" message="Input must be set">
      <![CDATA[java.lang.IllegalArgumentException: Input must be set
at org.openqa.selenium.internal.Require.nonNull(Require.java:59)
at org.openqa.selenium.support.ui.FluentWait.<init>(FluentWait.java:97)
at org.openqa.selenium.support.ui.WebDriverWait.<init>(WebDriverWait.java:77)
at org.openqa.selenium.support.ui.WebDriverWait.<init>(WebDriverWait.java:46)
at abstractclasses.CommonUtiltiy.WaitforElementPresence(CommonUtiltiy.java:23)
at JayaFrameworkDesign.LoginPage.LoginintoPage(LoginPage.java:30)
at JayaFrameworkDesign.Test.POMTestMethods.loginPage(POMTestMethods.java:19)
... Removed 25 stack frames]]>
    </failure>
  </testcase> <!-- loginPage -->
</testsuite> <!-- Test -->
