<?xml version="1.0" encoding="UTF-8"?>
<testng-results ignored="0" total="1" passed="1" failed="0" skipped="0">
  <reporter-output>
  </reporter-output>
  <suite started-at="2023-10-11T10:15:52Z" name="Default suite" finished-at="2023-10-11T10:16:03Z" duration-ms="10330">
    <groups>
    </groups>
    <test started-at="2023-10-11T10:15:52Z" name="Default test" finished-at="2023-10-11T10:16:03Z" duration-ms="10330">
      <class name="JayaFrameworkDesign.Test.POMTestMethods">
        <test-method signature="loginPage()[pri:0, instance:JayaFrameworkDesign.Test.POMTestMethods@413f69cc]" started-at="2023-10-11T10:15:52Z" name="loginPage" finished-at="2023-10-11T10:16:03Z" duration-ms="10292" status="PASS">
          <reporter-output>
          </reporter-output>
        </test-method> <!-- loginPage -->
      </class> <!-- JayaFrameworkDesign.Test.POMTestMethods -->
    </test> <!-- Default test -->
  </suite> <!-- Default suite -->
</testng-results>
